# Server version 0.08 running on DESKTOP-J3DPT5G:8123
# Game ID: 1
# Board class: Saboteur.SaboteurBoard
# Timeout: 20000
# First Move Timeout: 30000
# Date: Sat Apr 04 13:52:46 EDT 2020
# Player 1: Player-0, 'RandomPlayer', running on DESKTOP-J3DPT5G
# Player 2: Player-1, 'Human', running on DESKTOP-J3DPT5G
START Player-0 RandomPlayer
START Player-1 Human
BoardInit:Tile:5,Tile:9,Tile:1,Tile:6,Tile:5,Tile:13,Tile:7,Map,Tile:6,Tile:7,Tile:8,Tile:7,Tile:9,Tile:6,Tile:3,Tile:6,Malus,Map,Tile:11,Destroy,Map,Tile:5,Tile:8,Tile:10,Map,Tile:2,Bonus,Bonus,Tile:9,Tile:15,Bonus,Tile:0,Map,Tile:7,Tile:12,Tile:8,Tile:10,Tile:14,Tile:5,Bonus,Tile:9-Tile:0,Destroy,Tile:8,Map,Destroy,Tile:6,Tile:10-Tile:8,Tile:0,Malus,Tile:7,Tile:0,Tile:4,Tile:9-Tile:hidden2,Tile:hidden1,Tile:nugget
Tile:8 6 5 1
Tile:9_flip 5 4 0
Tile:0 7 5 1
Drop 1 0 0
Tile:6 8 5 1
Tile:9 6 4 0
Tile:1 4 4 1
Tile:7 9 5 0
Tile:10 9 6 1
Tile:13 6 6 0
Tile:6 9 7 1
Tile:6 6 7 0
Tile:8 10 7 1
Tile:4 10 6 0
Tile:5 6 3 1
Tile:7 7 6 0
Tile:9 10 8 1
Tile:6_flip 3 4 0
Tile:5 2 4 1
Tile:6_flip 4 5 0
Tile:7 8 4 1
Tile:0 7 4 0
Tile:11 8 7 1
Tile:8 8 8 0
Map 12 7 1
Tile:7_flip 5 6 0
Map 12 5 1
Tile:2 11 8 0
Map 12 3 1
Tile:5_flip 8 9 0
Destroy 11 8 1
Destroy 8 8 0
Malus 0 0 1
Map 12 5 0
Tile:8 11 7 1
GAMEOVER WINNER 1
# Game ended: Sat Apr 04 13:54:58 EDT 2020
